<?xml version="1.0" encoding="UTF-8"?>
<testsuite name="LabelTest" tests="1" skipped="0" failures="0" errors="0" timestamp="2025-07-17T10:50:37" hostname="WIN-93OOUG3KSUQ" time="0.06">
  <properties/>
  <testcase name="Создание Issue для авторизованного пользователя" classname="LabelTest" time="0.06"/>
  <system-out><![CDATA[]]></system-out>
  <system-err><![CDATA[]]></system-err>
</testsuite>
